<?xml version="1.0" encoding="UTF-8"?>
<coverage generated="1756340089947" clover="3.2.0">
  <project timestamp="1756340089947" name="All files">
    <metrics statements="27" coveredstatements="27" conditionals="12" coveredconditionals="11" methods="10" coveredmethods="10" elements="49" coveredelements="48" complexity="0" loc="27" ncloc="27" packages="1" files="2" classes="2"/>
    <file name="biblioteca.model.js" path="C:\Users\igor.fsilva30\Documents\teste-integracao-26-08\Teste-Integra-o-26-08\src\biblioteca.model.js">
      <metrics statements="10" coveredstatements="10" conditionals="2" coveredconditionals="1" methods="6" coveredmethods="6"/>
      <line num="1" count="1" type="stmt"/>
      <line num="18" count="2" type="stmt"/>
      <line num="26" count="2" type="stmt"/>
      <line num="28" count="2" type="stmt"/>
      <line num="32" count="1" type="stmt"/>
      <line num="36" count="1" type="stmt"/>
      <line num="38" count="1" type="stmt"/>
      <line num="42" count="1" type="stmt"/>
      <line num="44" count="1" type="stmt"/>
      <line num="47" count="1" type="stmt"/>
    </file>
    <file name="biblioteca.service.js" path="C:\Users\igor.fsilva30\Documents\teste-integracao-26-08\Teste-Integra-o-26-08\src\biblioteca.service.js">
      <metrics statements="17" coveredstatements="17" conditionals="10" coveredconditionals="10" methods="4" coveredmethods="4"/>
      <line num="2" count="1" type="stmt"/>
      <line num="6" count="5" type="cond" truecount="2" falsecount="0"/>
      <line num="7" count="1" type="stmt"/>
      <line num="11" count="4" type="cond" truecount="2" falsecount="0"/>
      <line num="12" count="1" type="stmt"/>
      <line num="16" count="3" type="cond" truecount="2" falsecount="0"/>
      <line num="17" count="1" type="stmt"/>
      <line num="20" count="2" type="stmt"/>
      <line num="22" count="2" type="stmt"/>
      <line num="26" count="1" type="stmt"/>
      <line num="30" count="2" type="cond" truecount="2" falsecount="0"/>
      <line num="31" count="1" type="stmt"/>
      <line num="34" count="1" type="stmt"/>
      <line num="38" count="2" type="cond" truecount="2" falsecount="0"/>
      <line num="39" count="1" type="stmt"/>
      <line num="42" count="1" type="stmt"/>
      <line num="45" count="1" type="stmt"/>
    </file>
  </project>
</coverage>
