{"C:\\Users\\igor.fsilva30\\Documents\\teste-integracao-26-08\\Teste-Integra-o-26-08\\src\\biblioteca.model.js": {"path":"C:\\Users\\igor.fsilva30\\Documents\\teste-integracao-26-08\\Teste-Integra-o-26-08\\src\\biblioteca.model.js","statementMap":{"0":{"start":{"line":1,"column":15},"end":{"line":1,"column":17}},"1":{"start":{"line":18,"column":20},"end":{"line":24,"column":3}},"2":{"start":{"line":26,"column":2},"end":{"line":26,"column":25}},"3":{"start":{"line":28,"column":2},"end":{"line":28,"column":19}},"4":{"start":{"line":32,"column":2},"end":{"line":32,"column":16}},"5":{"start":{"line":36,"column":23},"end":{"line":36,"column":66}},"6":{"start":{"line":36,"column":46},"end":{"line":36,"column":65}},"7":{"start":{"line":38,"column":2},"end":{"line":38,"column":22}},"8":{"start":{"line":42,"column":23},"end":{"line":42,"column":76}},"9":{"start":{"line":42,"column":46},"end":{"line":42,"column":75}},"10":{"start":{"line":44,"column":2},"end":{"line":44,"column":22}},"11":{"start":{"line":47,"column":0},"end":{"line":52,"column":2}}},"fnMap":{"0":{"name":"criarLivro","decl":{"start":{"line":17,"column":9},"end":{"line":17,"column":19}},"loc":{"start":{"line":17,"column":59},"end":{"line":29,"column":1}},"line":17},"1":{"name":"listarTodosLivros","decl":{"start":{"line":31,"column":9},"end":{"line":31,"column":26}},"loc":{"start":{"line":31,"column":29},"end":{"line":33,"column":1}},"line":31},"2":{"name":"buscarLivroPorNome","decl":{"start":{"line":35,"column":9},"end":{"line":35,"column":27}},"loc":{"start":{"line":35,"column":34},"end":{"line":39,"column":1}},"line":35},"3":{"name":"(anonymous_3)","decl":{"start":{"line":36,"column":35},"end":{"line":36,"column":36}},"loc":{"start":{"line":36,"column":46},"end":{"line":36,"column":65}},"line":36},"4":{"name":"buscarLivroPorCategoria","decl":{"start":{"line":41,"column":9},"end":{"line":41,"column":32}},"loc":{"start":{"line":41,"column":44},"end":{"line":45,"column":1}},"line":41},"5":{"name":"(anonymous_5)","decl":{"start":{"line":42,"column":35},"end":{"line":42,"column":36}},"loc":{"start":{"line":42,"column":46},"end":{"line":42,"column":75}},"line":42}},"branchMap":{"0":{"loc":{"start":{"line":23,"column":15},"end":{"line":23,"column":35}},"type":"binary-expr","locations":[{"start":{"line":23,"column":15},"end":{"line":23,"column":24}},{"start":{"line":23,"column":28},"end":{"line":23,"column":35}}],"line":23}},"s":{"0":1,"1":2,"2":2,"3":2,"4":1,"5":1,"6":1,"7":1,"8":1,"9":1,"10":1,"11":1},"f":{"0":2,"1":1,"2":1,"3":1,"4":1,"5":1},"b":{"0":[2,0]},"_coverageSchema":"1a1c01bbd47fc00a2c39e90264f33305004495a9","hash":"75959e5ea88dd3e067e88a15c8ab50f000d22dde"}
,"C:\\Users\\igor.fsilva30\\Documents\\teste-integracao-26-08\\Teste-Integra-o-26-08\\src\\biblioteca.service.js": {"path":"C:\\Users\\igor.fsilva30\\Documents\\teste-integracao-26-08\\Teste-Integra-o-26-08\\src\\biblioteca.service.js","statementMap":{"0":{"start":{"line":2,"column":24},"end":{"line":2,"column":53}},"1":{"start":{"line":6,"column":2},"end":{"line":8,"column":3}},"2":{"start":{"line":7,"column":4},"end":{"line":7,"column":39}},"3":{"start":{"line":11,"column":2},"end":{"line":13,"column":3}},"4":{"start":{"line":12,"column":4},"end":{"line":12,"column":40}},"5":{"start":{"line":16,"column":2},"end":{"line":18,"column":3}},"6":{"start":{"line":17,"column":4},"end":{"line":17,"column":52}},"7":{"start":{"line":20,"column":20},"end":{"line":20,"column":85}},"8":{"start":{"line":22,"column":2},"end":{"line":22,"column":19}},"9":{"start":{"line":26,"column":2},"end":{"line":26,"column":45}},"10":{"start":{"line":30,"column":2},"end":{"line":32,"column":3}},"11":{"start":{"line":31,"column":4},"end":{"line":31,"column":51}},"12":{"start":{"line":34,"column":2},"end":{"line":34,"column":52}},"13":{"start":{"line":38,"column":2},"end":{"line":40,"column":3}},"14":{"start":{"line":39,"column":4},"end":{"line":39,"column":54}},"15":{"start":{"line":42,"column":2},"end":{"line":42,"column":60}},"16":{"start":{"line":45,"column":0},"end":{"line":50,"column":1}}},"fnMap":{"0":{"name":"criarLivro","decl":{"start":{"line":4,"column":9},"end":{"line":4,"column":19}},"loc":{"start":{"line":4,"column":59},"end":{"line":23,"column":1}},"line":4},"1":{"name":"listarLivros","decl":{"start":{"line":25,"column":9},"end":{"line":25,"column":21}},"loc":{"start":{"line":25,"column":24},"end":{"line":27,"column":1}},"line":25},"2":{"name":"buscarLivroPorNome","decl":{"start":{"line":29,"column":9},"end":{"line":29,"column":27}},"loc":{"start":{"line":29,"column":36},"end":{"line":35,"column":1}},"line":29},"3":{"name":"buscarLivroPorCategoria","decl":{"start":{"line":37,"column":9},"end":{"line":37,"column":32}},"loc":{"start":{"line":37,"column":44},"end":{"line":43,"column":1}},"line":37}},"branchMap":{"0":{"loc":{"start":{"line":6,"column":2},"end":{"line":8,"column":3}},"type":"if","locations":[{"start":{"line":6,"column":2},"end":{"line":8,"column":3}},{"start":{},"end":{}}],"line":6},"1":{"loc":{"start":{"line":11,"column":2},"end":{"line":13,"column":3}},"type":"if","locations":[{"start":{"line":11,"column":2},"end":{"line":13,"column":3}},{"start":{},"end":{}}],"line":11},"2":{"loc":{"start":{"line":16,"column":2},"end":{"line":18,"column":3}},"type":"if","locations":[{"start":{"line":16,"column":2},"end":{"line":18,"column":3}},{"start":{},"end":{}}],"line":16},"3":{"loc":{"start":{"line":30,"column":2},"end":{"line":32,"column":3}},"type":"if","locations":[{"start":{"line":30,"column":2},"end":{"line":32,"column":3}},{"start":{},"end":{}}],"line":30},"4":{"loc":{"start":{"line":38,"column":2},"end":{"line":40,"column":3}},"type":"if","locations":[{"start":{"line":38,"column":2},"end":{"line":40,"column":3}},{"start":{},"end":{}}],"line":38}},"s":{"0":1,"1":5,"2":1,"3":4,"4":1,"5":3,"6":1,"7":2,"8":2,"9":1,"10":2,"11":1,"12":1,"13":2,"14":1,"15":1,"16":1},"f":{"0":5,"1":1,"2":2,"3":2},"b":{"0":[1,4],"1":[1,3],"2":[1,2],"3":[1,1],"4":[1,1]},"_coverageSchema":"1a1c01bbd47fc00a2c39e90264f33305004495a9","hash":"04875232674acb37334b8aa13448c9dd476c9671"}
}
